\BOOKMARK [1][-]{section.1}{Introduction}{}% 1
\BOOKMARK [1][-]{section.2}{User Handling}{}% 2
\BOOKMARK [2][-]{subsection.2.1}{login}{section.2}% 3
\BOOKMARK [3][-]{subsubsection.2.1.1}{Prioritization:}{subsection.2.1}% 4
\BOOKMARK [3][-]{subsubsection.2.1.2}{Conditions and Data Structures:}{subsection.2.1}% 5
\BOOKMARK [3][-]{subsubsection.2.1.3}{Required Functionality:}{subsection.2.1}% 6
\BOOKMARK [3][-]{subsubsection.2.1.4}{Process Specifications:}{subsection.2.1}% 7
\BOOKMARK [2][-]{subsection.2.2}{Logout}{section.2}% 8
\BOOKMARK [3][-]{subsubsection.2.2.1}{Prioritization:}{subsection.2.2}% 9
\BOOKMARK [3][-]{subsubsection.2.2.2}{Conditions and Data Structures:}{subsection.2.2}% 10
\BOOKMARK [3][-]{subsubsection.2.2.3}{Required Functionality:}{subsection.2.2}% 11
\BOOKMARK [3][-]{subsubsection.2.2.4}{Process Specifications:}{subsection.2.2}% 12
\BOOKMARK [1][-]{section.3}{Patient Details-General User}{}% 13
\BOOKMARK [2][-]{subsection.3.1}{addPatientDetails}{section.3}% 14
\BOOKMARK [3][-]{subsubsection.3.1.1}{Prioritization:}{subsection.3.1}% 15
\BOOKMARK [3][-]{subsubsection.3.1.2}{Conditions and Data Structures:}{subsection.3.1}% 16
\BOOKMARK [3][-]{subsubsection.3.1.3}{Required Functionality:}{subsection.3.1}% 17
\BOOKMARK [3][-]{subsubsection.3.1.4}{Process Specifications:}{subsection.3.1}% 18
\BOOKMARK [2][-]{subsection.3.2}{Logout}{section.3}% 19
\BOOKMARK [3][-]{subsubsection.3.2.1}{Prioritization:}{subsection.3.2}% 20
\BOOKMARK [3][-]{subsubsection.3.2.2}{Conditions and Data Structures:}{subsection.3.2}% 21
\BOOKMARK [3][-]{subsubsection.3.2.3}{Required Functionality:}{subsection.3.2}% 22
\BOOKMARK [3][-]{subsubsection.3.2.4}{Process Specifications:}{subsection.3.2}% 23
